pyxis: importing docker image: projects.cispa.saarland:5005#c01yiqu/base_env/base_env:v1
slurmstepd-dgx-a100-2: error: pyxis: child 3104205 failed with error code: 1
slurmstepd-dgx-a100-2: error: pyxis: failed to import docker image
slurmstepd-dgx-a100-2: error: pyxis: printing enroot log file:
slurmstepd-dgx-a100-2: error: pyxis:     [INFO] Querying registry for permission grant
slurmstepd-dgx-a100-2: error: pyxis:     [INFO] Authenticating with user: base_env
slurmstepd-dgx-a100-2: error: pyxis:     [INFO] Using credentials from file: /home/c01yiqu/CISPA-home/.config/enroot/.credentials
slurmstepd-dgx-a100-2: error: pyxis:     [INFO] Authentication succeeded
slurmstepd-dgx-a100-2: error: pyxis:     [INFO] Fetching image manifest list
slurmstepd-dgx-a100-2: error: pyxis:     [INFO] Fetching image manifest
slurmstepd-dgx-a100-2: error: pyxis:     [INFO] Downloading 61 missing layers...
slurmstepd-dgx-a100-2: error: pyxis:     perl: warning: Setting locale failed.
slurmstepd-dgx-a100-2: error: pyxis:     perl: warning: Please check that your locale settings:
slurmstepd-dgx-a100-2: error: pyxis:     	LANGUAGE = "en_US:en",
slurmstepd-dgx-a100-2: error: pyxis:     	LC_ALL = (unset),
slurmstepd-dgx-a100-2: error: pyxis:     	LC_ADDRESS = "de_DE.UTF-8",
slurmstepd-dgx-a100-2: error: pyxis:     	LC_NAME = "de_DE.UTF-8",
slurmstepd-dgx-a100-2: error: pyxis:     	LC_MONETARY = "de_DE.UTF-8",
slurmstepd-dgx-a100-2: error: pyxis:     	LC_PAPER = "de_DE.UTF-8",
slurmstepd-dgx-a100-2: error: pyxis:     	LC_IDENTIFICATION = "de_DE.UTF-8",
slurmstepd-dgx-a100-2: error: pyxis:     	LC_TELEPHONE = "de_DE.UTF-8",
slurmstepd-dgx-a100-2: error: pyxis:     	LC_MEASUREMENT = "de_DE.UTF-8",
slurmstepd-dgx-a100-2: error: pyxis:     	LC_CTYPE = "UTF-8",
slurmstepd-dgx-a100-2: error: pyxis:     	LC_TIME = "de_DE.UTF-8",
slurmstepd-dgx-a100-2: error: pyxis:     	LC_NUMERIC = "de_DE.UTF-8",
slurmstepd-dgx-a100-2: error: pyxis:     	LANG = "en_US.UTF-8"
slurmstepd-dgx-a100-2: error: pyxis:         are supported and installed on your system.
slurmstepd-dgx-a100-2: error: pyxis:     perl: warning: Falling back to a fallback locale ("en_US.UTF-8").
slurmstepd-dgx-a100-2: error: pyxis:     curl: (56) OpenSSL SSL_read: Connection reset by peer, errno 104
slurmstepd-dgx-a100-2: error: pyxis:     pigz: skipping: <stdin>: corrupted -- incomplete deflate data
slurmstepd-dgx-a100-2: error: pyxis: couldn't start container
slurmstepd-dgx-a100-2: error: pyxis: if the image has an unusual entrypoint, try using --no-container-entrypoint
slurmstepd-dgx-a100-2: error: spank: required plugin spank_pyxis.so: task_init() failed with rc=-1
slurmstepd-dgx-a100-2: error: Failed to invoke spank plugin stack
slurmstepd-dgx-a100-2: error: pyxis: child 3146651 failed with error code: 1
slurmstepd-dgx-a100-2: error: pyxis: failed to remove container filesystem: pyxis_620433.4294967291
slurmstepd-dgx-a100-2: error: pyxis: printing enroot log file:
slurmstepd-dgx-a100-2: error: pyxis:     [ERROR] No such file or directory: /tmp/enroot-data/user-11758/pyxis_620433.4294967291
slurmstepd-dgx-a100-2: error: spank: required plugin spank_pyxis.so: exit() failed with rc=-1
slurmstepd-dgx-a100-2: error: spank_fini failed
